<?xml version="1.0" encoding="UTF-8"?>
<testng-results ignored="0" total="4" passed="4" failed="0" skipped="0">
  <reporter-output>
    <line>
      <![CDATA[<a href='D:\Training\New Training\newjun21gittest\target\surefire-reports\failure_screenshots\LoginPositive_01_07_2025_12_02_40.png'> <img src='D:\Training\New Training\newjun21gittest\target\surefire-reports\failure_screenshots\LoginPositive_01_07_2025_12_02_40.png' height='100' width='100' /> </a>]]>
    </line>
    <line>
      <![CDATA[<a href='D:\Training\New Training\newjun21gittest\target\surefire-reports\failure_screenshots\LoginNegative_01_07_2025_12_02_41.png'> <img src='D:\Training\New Training\newjun21gittest\target\surefire-reports\failure_screenshots\LoginNegative_01_07_2025_12_02_41.png' height='100' width='100' /> </a>]]>
    </line>
  </reporter-output>
  <suite started-at="2025-07-01T12:02:39 IST" name="All Test Suite" finished-at="2025-07-01T12:02:41 IST" duration-ms="2037">
    <groups>
    </groups>
    <test started-at="2025-07-01T12:02:39 IST" name="PositiveTest" finished-at="2025-07-01T12:02:40 IST" duration-ms="1428">
      <class name="VerifyLogin1_PositiveTest">
        <test-method signature="verifyLogin(java.lang.String,java.lang.String)[pri:0, instance:VerifyLogin1_PositiveTest@49c7b90e]" started-at="2025-07-01T12:02:39 IST" name="verifyLogin" finished-at="2025-07-01T12:02:40 IST" duration-ms="1264" status="PASS">
          <params>
            <param index="0">
              <value>
                <![CDATA[standard_user]]>
              </value>
            </param>
            <param index="1">
              <value>
                <![CDATA[secret_sauce]]>
              </value>
            </param>
          </params>
          <reporter-output>
            <line>
              <![CDATA[<a href='D:\Training\New Training\newjun21gittest\target\surefire-reports\failure_screenshots\LoginPositive_01_07_2025_12_02_40.png'> <img src='D:\Training\New Training\newjun21gittest\target\surefire-reports\failure_screenshots\LoginPositive_01_07_2025_12_02_40.png' height='100' width='100' /> </a>]]>
            </line>
          </reporter-output>
        </test-method> <!-- verifyLogin -->
        <test-method signature="verifyPageTitle()[pri:0, instance:VerifyLogin1_PositiveTest@49c7b90e]" started-at="2025-07-01T12:02:40 IST" name="verifyPageTitle" finished-at="2025-07-01T12:02:40 IST" duration-ms="22" status="PASS">
          <reporter-output>
          </reporter-output>
        </test-method> <!-- verifyPageTitle -->
      </class> <!-- VerifyLogin1_PositiveTest -->
    </test> <!-- PositiveTest -->
    <test started-at="2025-07-01T12:02:40 IST" name="NegativeTest" finished-at="2025-07-01T12:02:41 IST" duration-ms="573">
      <class name="VerifyLogin2_NegativeTest">
        <test-method is-config="true" signature="openApplication()[pri:0, instance:VerifyLogin2_NegativeTest@729d991e]" started-at="2025-07-01T12:02:35 IST" name="openApplication" finished-at="2025-07-01T12:02:39 IST" duration-ms="4171" status="PASS">
          <reporter-output>
          </reporter-output>
        </test-method> <!-- openApplication -->
        <test-method signature="verifyLogin(java.lang.String,java.lang.String)[pri:0, instance:VerifyLogin2_NegativeTest@729d991e]" started-at="2025-07-01T12:02:40 IST" name="verifyLogin" finished-at="2025-07-01T12:02:41 IST" duration-ms="556" status="PASS">
          <params>
            <param index="0">
              <value>
                <![CDATA[secret_sauce1]]>
              </value>
            </param>
            <param index="1">
              <value>
                <![CDATA[secret_sauce1]]>
              </value>
            </param>
          </params>
          <reporter-output>
            <line>
              <![CDATA[<a href='D:\Training\New Training\newjun21gittest\target\surefire-reports\failure_screenshots\LoginNegative_01_07_2025_12_02_41.png'> <img src='D:\Training\New Training\newjun21gittest\target\surefire-reports\failure_screenshots\LoginNegative_01_07_2025_12_02_41.png' height='100' width='100' /> </a>]]>
            </line>
          </reporter-output>
        </test-method> <!-- verifyLogin -->
        <test-method signature="verifyPageTitle()[pri:1, instance:VerifyLogin2_NegativeTest@729d991e]" started-at="2025-07-01T12:02:41 IST" name="verifyPageTitle" finished-at="2025-07-01T12:02:41 IST" duration-ms="10" status="PASS">
          <reporter-output>
          </reporter-output>
        </test-method> <!-- verifyPageTitle -->
        <test-method is-config="true" signature="closeApplication()[pri:0, instance:VerifyLogin2_NegativeTest@729d991e]" started-at="2025-07-01T12:02:41 IST" name="closeApplication" finished-at="2025-07-01T12:02:41 IST" duration-ms="234" status="PASS">
          <reporter-output>
          </reporter-output>
        </test-method> <!-- closeApplication -->
      </class> <!-- VerifyLogin2_NegativeTest -->
    </test> <!-- NegativeTest -->
  </suite> <!-- All Test Suite -->
</testng-results>
