<?xml version="1.0" encoding="UTF-8"?>
<!-- Generated by org.testng.reporters.JUnitReportReporter -->
<testsuite hostname="LAPTOP-95NO9S2C" failures="0" tests="2" name="VerifyLogin2_NegativeTest" time="0.566" errors="0" timestamp="2025-07-01T12:02:41 IST" skipped="0">
  <testcase classname="VerifyLogin2_NegativeTest" name="verifyLogin" time="0.556">
    <system-out>
      <![CDATA[<a href='D:\Training\New Training\newjun21gittest\target\surefire-reports\failure_screenshots\LoginNegative_01_07_2025_12_02_41.png'> <img src='D:\Training\New Training\newjun21gittest\target\surefire-reports\failure_screenshots\LoginNegative_01_07_2025_12_02_41.png' height='100' width='100' /> </a>]]>
    </system-out>
  </testcase> <!-- verifyLogin -->
  <testcase classname="VerifyLogin2_NegativeTest" name="verifyPageTitle" time="0.010"/>
  <system-out>
    <![CDATA[<a href='D:\Training\New Training\newjun21gittest\target\surefire-reports\failure_screenshots\LoginPositive_01_07_2025_12_02_40.png'> <img src='D:\Training\New Training\newjun21gittest\target\surefire-reports\failure_screenshots\LoginPositive_01_07_2025_12_02_40.png' height='100' width='100' /> </a>
<a href='D:\Training\New Training\newjun21gittest\target\surefire-reports\failure_screenshots\LoginNegative_01_07_2025_12_02_41.png'> <img src='D:\Training\New Training\newjun21gittest\target\surefire-reports\failure_screenshots\LoginNegative_01_07_2025_12_02_41.png' height='100' width='100' /> </a>]]>
  </system-out>
</testsuite> <!-- VerifyLogin2_NegativeTest -->
