<?xml version="1.0" encoding="UTF-8"?>
<!-- Generated by org.testng.reporters.JUnitReportReporter -->
<testsuite hostname="LAPTOP-95NO9S2C" failures="0" tests="2" name="VerifyLogin2_NegativeTest" time="2.094" errors="0" timestamp="2025-06-23T19:50:56 IST" skipped="0">
  <testcase classname="VerifyLogin2_NegativeTest" name="verifyLogin" time="2.081">
    <system-out>
      <![CDATA[<a href='D:\Training\New Training\newjun21gittest\target\surefire-reports\failure_screenshots\LoginNegative_23_06_2025_07_50_54.png'> <img src='D:\Training\New Training\newjun21gittest\target\surefire-reports\failure_screenshots\LoginNegative_23_06_2025_07_50_54.png' height='100' width='100' /> </a>]]>
    </system-out>
  </testcase> <!-- verifyLogin -->
  <testcase classname="VerifyLogin2_NegativeTest" name="verifyPageTitle" time="0.013"/>
  <system-out>
    <![CDATA[<a href='D:\Training\New Training\newjun21gittest\target\surefire-reports\failure_screenshots\LoginNegative_23_06_2025_07_50_54.png'> <img src='D:\Training\New Training\newjun21gittest\target\surefire-reports\failure_screenshots\LoginNegative_23_06_2025_07_50_54.png' height='100' width='100' /> </a>]]>
  </system-out>
</testsuite> <!-- VerifyLogin2_NegativeTest -->
